{"timestamp": "2025-05-23T05:20:48.560631", "level": "INFO", "name": "root", "message": "Logging initialized for discord_bot application", "module": "logging_config", "function": "setup_logging", "line": 129, "process_id": 58499, "thread_id": 8351991872}
{"timestamp": "2025-05-23T05:20:48.561309", "level": "WARNING", "name": "discord.client", "message": "PyNaCl is not installed, voice will NOT be supported", "module": "client", "function": "__init__", "line": 318, "process_id": 58499, "thread_id": 8351991872}
{"timestamp": "2025-05-23T05:20:48.561642", "level": "INFO", "name": "root", "message": "Starting bot initialization", "module": "Bot", "function": "main", "line": 126, "process_id": 58499, "thread_id": 8351991872}
{"timestamp": "2025-05-23T05:20:48.633101", "level": "INFO", "name": "myslt.api", "message": "Initializing SLTAPI client", "module": "api", "function": "__init__", "line": 26, "process_id": 58499, "thread_id": 8351991872}
{"timestamp": "2025-05-23T05:20:48.633213", "level": "INFO", "name": "myslt.api", "message": "Attempting SLT API login", "module": "api", "function": "login", "line": 55, "process_id": 58499, "thread_id": 8351991872}
{"timestamp": "2025-05-23T05:20:49.200195", "level": "ERROR", "name": "myslt.api", "message": "SLT API login failed", "module": "api", "function": "login", "line": 101, "process_id": 58499, "thread_id": 8351991872, "exception": {"type": "HTTPError", "message": "503 Server Error: Service Unavailable for url: https://omniscapp.slt.lk/mobitelint/slt/api/Account/Login", "traceback": ["Traceback (most recent call last):\n", "  File \"/Users/himasha/Desktop/Projects/MySLT_Bot/myslt/api.py\", line 73, in login\n    response.raise_for_status()\n", "  File \"/Users/himasha/.pyenv/versions/3.9.16/lib/python3.9/site-packages/requests/models.py\", line 1024, in raise_for_status\n    raise HTTPError(http_error_msg, response=self)\n", "requests.exceptions.HTTPError: 503 Server Error: Service Unavailable for url: https://omniscapp.slt.lk/mobitelint/slt/api/Account/Login\n"]}}
{"timestamp": "2025-05-23T05:20:49.201568", "level": "CRITICAL", "name": "commands.general", "message": "Failed to initialize SLTAPI", "module": "general", "function": "<module>", "line": 17, "process_id": 58499, "thread_id": 8351991872, "exception": {"type": "Exception", "message": "Login failed: 503 Server Error: Service Unavailable for url: https://omniscapp.slt.lk/mobitelint/slt/api/Account/Login", "traceback": ["Traceback (most recent call last):\n", "  File \"/Users/himasha/Desktop/Projects/MySLT_Bot/myslt/api.py\", line 73, in login\n    response.raise_for_status()\n", "  File \"/Users/himasha/.pyenv/versions/3.9.16/lib/python3.9/site-packages/requests/models.py\", line 1024, in raise_for_status\n    raise HTTPError(http_error_msg, response=self)\n", "requests.exceptions.HTTPError: 503 Server Error: Service Unavailable for url: https://omniscapp.slt.lk/mobitelint/slt/api/Account/Login\n", "\nDuring handling of the above exception, another exception occurred:\n\n", "Traceback (most recent call last):\n", "  File \"/Users/himasha/Desktop/Projects/MySLT_Bot/commands/general.py\", line 14, in <module>\n    slt_api = SLTAPI(USERNAME, PASSWORD)\n", "  File \"/Users/himasha/Desktop/Projects/MySLT_Bot/myslt/api.py\", line 34, in __init__\n    self.login()  # Automatically login on initialization\n", "  File \"/Users/himasha/Desktop/Projects/MySLT_Bot/myslt/api.py\", line 111, in login\n    raise Exception(f\"Login failed: {str(e)}\")\n", "Exception: Login failed: 503 Server Error: Service Unavailable for url: https://omniscapp.slt.lk/mobitelint/slt/api/Account/Login\n"]}}
{"timestamp": "2025-05-23T05:20:49.202559", "level": "INFO", "name": "commands.general", "message": "GeneralCommands Cog initialized", "module": "general", "function": "__init__", "line": 32, "process_id": 58499, "thread_id": 8351991872}
{"timestamp": "2025-05-23T05:20:49.202650", "level": "INFO", "name": "commands.general", "message": "GeneralCommands Cog loaded", "module": "general", "function": "setup", "line": 394, "process_id": 58499, "thread_id": 8351991872}
{"timestamp": "2025-05-23T05:20:49.202719", "level": "INFO", "name": "root", "message": "Loaded extension: commands.general", "module": "Bot", "function": "setup_extensions", "line": 93, "process_id": 58499, "thread_id": 8351991872}
{"timestamp": "2025-05-23T05:24:57.818974", "level": "INFO", "name": "root", "message": "Logging initialized for discord_bot application", "module": "logging_config", "function": "setup_logging", "line": 129, "process_id": 59341, "thread_id": 8351991872}
{"timestamp": "2025-05-23T05:24:57.820658", "level": "WARNING", "name": "discord.client", "message": "PyNaCl is not installed, voice will NOT be supported", "module": "client", "function": "__init__", "line": 318, "process_id": 59341, "thread_id": 8351991872}
{"timestamp": "2025-05-23T05:24:57.820950", "level": "INFO", "name": "root", "message": "Starting bot initialization", "module": "Bot", "function": "main", "line": 126, "process_id": 59341, "thread_id": 8351991872}
{"timestamp": "2025-05-23T05:24:57.887551", "level": "INFO", "name": "myslt.api", "message": "Initializing SLTAPI client", "module": "api", "function": "__init__", "line": 26, "process_id": 59341, "thread_id": 8351991872}
{"timestamp": "2025-05-23T05:24:57.887673", "level": "INFO", "name": "myslt.api", "message": "Attempting SLT API login", "module": "api", "function": "login", "line": 55, "process_id": 59341, "thread_id": 8351991872}
{"timestamp": "2025-05-23T05:24:58.608165", "level": "ERROR", "name": "myslt.api", "message": "SLT API login failed", "module": "api", "function": "login", "line": 101, "process_id": 59341, "thread_id": 8351991872, "exception": {"type": "HTTPError", "message": "401 Client Error: Unauthorized for url: https://omniscapp.slt.lk/slt/ext/api/Account/Login", "traceback": ["Traceback (most recent call last):\n", "  File \"/Users/himasha/Desktop/Projects/MySLT_Bot/myslt/api.py\", line 73, in login\n    response.raise_for_status()\n", "  File \"/Users/himasha/.pyenv/versions/3.9.16/lib/python3.9/site-packages/requests/models.py\", line 1024, in raise_for_status\n    raise HTTPError(http_error_msg, response=self)\n", "requests.exceptions.HTTPError: 401 Client Error: Unauthorized for url: https://omniscapp.slt.lk/slt/ext/api/Account/Login\n"]}}
{"timestamp": "2025-05-23T05:24:58.610564", "level": "CRITICAL", "name": "commands.general", "message": "Failed to initialize SLTAPI", "module": "general", "function": "<module>", "line": 17, "process_id": 59341, "thread_id": 8351991872, "exception": {"type": "Exception", "message": "Login failed: 401 Client Error: Unauthorized for url: https://omniscapp.slt.lk/slt/ext/api/Account/Login", "traceback": ["Traceback (most recent call last):\n", "  File \"/Users/himasha/Desktop/Projects/MySLT_Bot/myslt/api.py\", line 73, in login\n    response.raise_for_status()\n", "  File \"/Users/himasha/.pyenv/versions/3.9.16/lib/python3.9/site-packages/requests/models.py\", line 1024, in raise_for_status\n    raise HTTPError(http_error_msg, response=self)\n", "requests.exceptions.HTTPError: 401 Client Error: Unauthorized for url: https://omniscapp.slt.lk/slt/ext/api/Account/Login\n", "\nDuring handling of the above exception, another exception occurred:\n\n", "Traceback (most recent call last):\n", "  File \"/Users/himasha/Desktop/Projects/MySLT_Bot/commands/general.py\", line 14, in <module>\n    slt_api = SLTAPI(USERNAME, PASSWORD)\n", "  File \"/Users/himasha/Desktop/Projects/MySLT_Bot/myslt/api.py\", line 34, in __init__\n    self.login()  # Automatically login on initialization\n", "  File \"/Users/himasha/Desktop/Projects/MySLT_Bot/myslt/api.py\", line 111, in login\n    raise Exception(f\"Login failed: {str(e)}\")\n", "Exception: Login failed: 401 Client Error: Unauthorized for url: https://omniscapp.slt.lk/slt/ext/api/Account/Login\n"]}}
{"timestamp": "2025-05-23T05:24:58.612507", "level": "INFO", "name": "commands.general", "message": "GeneralCommands Cog initialized", "module": "general", "function": "__init__", "line": 32, "process_id": 59341, "thread_id": 8351991872}
{"timestamp": "2025-05-23T05:24:58.612676", "level": "INFO", "name": "commands.general", "message": "GeneralCommands Cog loaded", "module": "general", "function": "setup", "line": 394, "process_id": 59341, "thread_id": 8351991872}
{"timestamp": "2025-05-23T05:24:58.612802", "level": "INFO", "name": "root", "message": "Loaded extension: commands.general", "module": "Bot", "function": "setup_extensions", "line": 93, "process_id": 59341, "thread_id": 8351991872}
{"timestamp": "2025-05-23T05:26:48.603800", "level": "INFO", "name": "root", "message": "Logging initialized for discord_bot application", "module": "logging_config", "function": "setup_logging", "line": 129, "process_id": 59730, "thread_id": 8351991872}
{"timestamp": "2025-05-23T05:26:48.604894", "level": "WARNING", "name": "discord.client", "message": "PyNaCl is not installed, voice will NOT be supported", "module": "client", "function": "__init__", "line": 318, "process_id": 59730, "thread_id": 8351991872}
{"timestamp": "2025-05-23T05:26:48.605170", "level": "INFO", "name": "root", "message": "Starting bot initialization", "module": "Bot", "function": "main", "line": 126, "process_id": 59730, "thread_id": 8351991872}
{"timestamp": "2025-05-23T05:26:48.671600", "level": "INFO", "name": "myslt.api", "message": "Initializing SLTAPI client", "module": "api", "function": "__init__", "line": 26, "process_id": 59730, "thread_id": 8351991872}
{"timestamp": "2025-05-23T05:26:48.671718", "level": "INFO", "name": "myslt.api", "message": "Attempting SLT API login", "module": "api", "function": "login", "line": 55, "process_id": 59730, "thread_id": 8351991872}
{"timestamp": "2025-05-23T05:26:50.419206", "level": "INFO", "name": "myslt.api", "message": "Login successful", "module": "api", "function": "login", "line": 82, "process_id": 59730, "thread_id": 8351991872}
{"timestamp": "2025-05-23T05:26:50.419880", "level": "INFO", "name": "commands.general", "message": "SLTAPI initialized successfully", "module": "general", "function": "<module>", "line": 15, "process_id": 59730, "thread_id": 8351991872}
{"timestamp": "2025-05-23T05:26:50.420853", "level": "INFO", "name": "commands.general", "message": "GeneralCommands Cog initialized", "module": "general", "function": "__init__", "line": 32, "process_id": 59730, "thread_id": 8351991872}
{"timestamp": "2025-05-23T05:26:50.421015", "level": "INFO", "name": "commands.general", "message": "GeneralCommands Cog loaded", "module": "general", "function": "setup", "line": 394, "process_id": 59730, "thread_id": 8351991872}
{"timestamp": "2025-05-23T05:26:50.421123", "level": "INFO", "name": "root", "message": "Loaded extension: commands.general", "module": "Bot", "function": "setup_extensions", "line": 93, "process_id": 59730, "thread_id": 8351991872}
{"timestamp": "2025-05-23T05:29:40.360136", "level": "INFO", "name": "root", "message": "Logging initialized for discord_bot application", "module": "logging_config", "function": "setup_logging", "line": 129, "process_id": 60281, "thread_id": 8351991872}
{"timestamp": "2025-05-23T05:29:40.361505", "level": "WARNING", "name": "discord.client", "message": "PyNaCl is not installed, voice will NOT be supported", "module": "client", "function": "__init__", "line": 318, "process_id": 60281, "thread_id": 8351991872}
{"timestamp": "2025-05-23T05:29:40.361804", "level": "INFO", "name": "root", "message": "Starting bot initialization", "module": "Bot", "function": "main", "line": 126, "process_id": 60281, "thread_id": 8351991872}
{"timestamp": "2025-05-23T05:29:40.425909", "level": "INFO", "name": "myslt.api", "message": "Initializing SLTAPI client", "module": "api", "function": "__init__", "line": 26, "process_id": 60281, "thread_id": 8351991872}
{"timestamp": "2025-05-23T05:29:40.426038", "level": "INFO", "name": "myslt.api", "message": "Attempting SLT API login", "module": "api", "function": "login", "line": 55, "process_id": 60281, "thread_id": 8351991872}
{"timestamp": "2025-05-23T05:29:42.053349", "level": "INFO", "name": "myslt.api", "message": "Login successful", "module": "api", "function": "login", "line": 82, "process_id": 60281, "thread_id": 8351991872}
{"timestamp": "2025-05-23T05:29:42.053976", "level": "INFO", "name": "commands.general", "message": "SLTAPI initialized successfully", "module": "general", "function": "<module>", "line": 15, "process_id": 60281, "thread_id": 8351991872}
{"timestamp": "2025-05-23T05:29:42.055011", "level": "INFO", "name": "commands.general", "message": "GeneralCommands Cog initialized", "module": "general", "function": "__init__", "line": 32, "process_id": 60281, "thread_id": 8351991872}
{"timestamp": "2025-05-23T05:29:42.055213", "level": "INFO", "name": "commands.general", "message": "GeneralCommands Cog loaded", "module": "general", "function": "setup", "line": 394, "process_id": 60281, "thread_id": 8351991872}
{"timestamp": "2025-05-23T05:29:42.055358", "level": "INFO", "name": "root", "message": "Loaded extension: commands.general", "module": "Bot", "function": "setup_extensions", "line": 93, "process_id": 60281, "thread_id": 8351991872}
{"timestamp": "2025-05-23T05:39:13.815455", "level": "INFO", "name": "root", "message": "Logging initialized for discord_bot application", "module": "logging_config", "function": "setup_logging", "line": 129, "process_id": 62168, "thread_id": 8351991872}
{"timestamp": "2025-05-23T05:39:13.816970", "level": "WARNING", "name": "discord.client", "message": "PyNaCl is not installed, voice will NOT be supported", "module": "client", "function": "__init__", "line": 318, "process_id": 62168, "thread_id": 8351991872}
{"timestamp": "2025-05-23T05:39:13.817284", "level": "INFO", "name": "root", "message": "Starting bot initialization", "module": "Bot", "function": "main", "line": 126, "process_id": 62168, "thread_id": 8351991872}
{"timestamp": "2025-05-23T05:39:13.881457", "level": "INFO", "name": "myslt.api", "message": "Initializing SLTAPI client", "module": "api", "function": "__init__", "line": 26, "process_id": 62168, "thread_id": 8351991872}
{"timestamp": "2025-05-23T05:39:13.881572", "level": "INFO", "name": "myslt.api", "message": "Attempting SLT API login", "module": "api", "function": "login", "line": 55, "process_id": 62168, "thread_id": 8351991872}
{"timestamp": "2025-05-23T05:39:15.531888", "level": "INFO", "name": "myslt.api", "message": "Login successful", "module": "api", "function": "login", "line": 82, "process_id": 62168, "thread_id": 8351991872}
{"timestamp": "2025-05-23T05:39:15.533107", "level": "INFO", "name": "commands.general", "message": "SLTAPI initialized successfully", "module": "general", "function": "<module>", "line": 15, "process_id": 62168, "thread_id": 8351991872}
{"timestamp": "2025-05-23T05:39:15.535060", "level": "INFO", "name": "commands.general", "message": "GeneralCommands Cog initialized", "module": "general", "function": "__init__", "line": 32, "process_id": 62168, "thread_id": 8351991872}
{"timestamp": "2025-05-23T05:39:15.535422", "level": "INFO", "name": "commands.general", "message": "GeneralCommands Cog loaded", "module": "general", "function": "setup", "line": 394, "process_id": 62168, "thread_id": 8351991872}
{"timestamp": "2025-05-23T05:39:15.535607", "level": "INFO", "name": "root", "message": "Loaded extension: commands.general", "module": "Bot", "function": "setup_extensions", "line": 93, "process_id": 62168, "thread_id": 8351991872}
{"timestamp": "2025-05-23T05:42:46.582741", "level": "INFO", "name": "root", "message": "Logging initialized for discord_bot application", "module": "logging_config", "function": "setup_logging", "line": 129, "process_id": 63115, "thread_id": 8351991872}
{"timestamp": "2025-05-23T05:42:46.584591", "level": "WARNING", "name": "discord.client", "message": "PyNaCl is not installed, voice will NOT be supported", "module": "client", "function": "__init__", "line": 318, "process_id": 63115, "thread_id": 8351991872}
{"timestamp": "2025-05-23T05:42:46.584917", "level": "INFO", "name": "root", "message": "Starting bot initialization", "module": "Bot", "function": "main", "line": 126, "process_id": 63115, "thread_id": 8351991872}
{"timestamp": "2025-05-23T05:42:46.668303", "level": "INFO", "name": "myslt.api", "message": "Initializing SLTAPI client", "module": "api", "function": "__init__", "line": 26, "process_id": 63115, "thread_id": 8351991872}
{"timestamp": "2025-05-23T05:42:46.668438", "level": "INFO", "name": "myslt.api", "message": "Attempting SLT API login", "module": "api", "function": "login", "line": 55, "process_id": 63115, "thread_id": 8351991872}
{"timestamp": "2025-05-23T05:42:48.450717", "level": "INFO", "name": "myslt.api", "message": "Login successful", "module": "api", "function": "login", "line": 82, "process_id": 63115, "thread_id": 8351991872}
{"timestamp": "2025-05-23T05:42:48.451842", "level": "INFO", "name": "commands.general", "message": "SLTAPI initialized successfully", "module": "general", "function": "<module>", "line": 15, "process_id": 63115, "thread_id": 8351991872}
{"timestamp": "2025-05-23T05:42:48.454356", "level": "INFO", "name": "commands.general", "message": "GeneralCommands Cog initialized", "module": "general", "function": "__init__", "line": 32, "process_id": 63115, "thread_id": 8351991872}
{"timestamp": "2025-05-23T05:42:48.455048", "level": "INFO", "name": "commands.general", "message": "GeneralCommands Cog loaded", "module": "general", "function": "setup", "line": 394, "process_id": 63115, "thread_id": 8351991872}
{"timestamp": "2025-05-23T05:42:48.455291", "level": "INFO", "name": "root", "message": "Loaded extension: commands.general", "module": "Bot", "function": "setup_extensions", "line": 93, "process_id": 63115, "thread_id": 8351991872}
